<?xml version="1.0" encoding="UTF-8"?>
<!-- Generated by org.testng.reporters.JUnitReportReporter -->
<testsuite hostname="asd1546po01976" name="vips" tests="1" failures="0" timestamp="27 Jun 2016 09:05:18 GMT" time="5.680" errors="0">
  <testcase name="test" time="5.680" classname="vips"/>
</testsuite> <!-- vips -->
