<?xml version="1.0" encoding="UTF-8"?>
<!-- Generated by org.testng.reporters.JUnitReportReporter -->
<testsuite hostname="asd1546po01976" name="Test99GuruLogin" tests="1" failures="0" timestamp="27 Jun 2016 12:28:03 GMT" time="1.477" errors="0">
  <testcase name="test_Home_Page_Appear_Correct" time="1.477" classname="Test99GuruLogin"/>
</testsuite> <!-- Test99GuruLogin -->
