<?xml version="1.0" encoding="UTF-8"?>
<!-- Generated by org.testng.reporters.JUnitReportReporter -->
<testsuite hostname="asd1546po01976" name="Compute" tests="3" failures="0" timestamp="29 Jun 2016 08:17:16 GMT" time="17.375" errors="0">
  <testcase name="Step02_validAddRepository" time="5.780" classname="Compute"/>
  <testcase name="Step01_validateLogin" time="2.744" classname="Compute"/>
  <testcase name="Step03_validateCommit" time="8.851" classname="Compute"/>
</testsuite> <!-- Compute -->
